-- Install configuration: ""
-- Up-to-date: /home/anlh/DRL-Nav-modified/TD3/install/td3/lib/td3/replay_buffer.py
-- Up-to-date: /home/anlh/DRL-Nav-modified/TD3/install/td3/lib/td3/test_velodyne_td3.py
-- Up-to-date: /home/anlh/DRL-Nav-modified/TD3/install/td3/lib/td3/train_velodyne_td3.py
-- Up-to-date: /home/anlh/DRL-Nav-modified/TD3/install/td3/lib/td3/velodyne_env.py
-- Up-to-date: /home/anlh/DRL-Nav-modified/TD3/install/td3/share/td3/assets
-- Up-to-date: /home/anlh/DRL-Nav-modified/TD3/install/td3/share/td3/assets/multi_robot_scenario.launch
-- Up-to-date: /home/anlh/DRL-Nav-modified/TD3/install/td3/share/td3/assets/rviz_config.rviz
-- Installing: /home/anlh/DRL-Nav-modified/TD3/install/td3/share/td3/assets/multi_robot_scenario.launch.py
-- Up-to-date: /home/anlh/DRL-Nav-modified/TD3/install/td3/share/ament_index/resource_index/package_run_dependencies/td3
-- Up-to-date: /home/anlh/DRL-Nav-modified/TD3/install/td3/share/ament_index/resource_index/parent_prefix_path/td3
-- Up-to-date: /home/anlh/DRL-Nav-modified/TD3/install/td3/share/td3/environment/ament_prefix_path.dsv
-- Up-to-date: /home/anlh/DRL-Nav-modified/TD3/install/td3/share/td3/environment/path.dsv
-- Up-to-date: /home/anlh/DRL-Nav-modified/TD3/install/td3/share/td3/local_setup.bash
-- Up-to-date: /home/anlh/DRL-Nav-modified/TD3/install/td3/share/td3/local_setup.sh
-- Up-to-date: /home/anlh/DRL-Nav-modified/TD3/install/td3/share/td3/local_setup.zsh
-- Up-to-date: /home/anlh/DRL-Nav-modified/TD3/install/td3/share/td3/local_setup.dsv
-- Installing: /home/anlh/DRL-Nav-modified/TD3/install/td3/share/td3/package.dsv
-- Up-to-date: /home/anlh/DRL-Nav-modified/TD3/install/td3/share/ament_index/resource_index/packages/td3
-- Up-to-date: /home/anlh/DRL-Nav-modified/TD3/install/td3/share/td3/cmake/td3Config.cmake
-- Up-to-date: /home/anlh/DRL-Nav-modified/TD3/install/td3/share/td3/cmake/td3Config-version.cmake
-- Up-to-date: /home/anlh/DRL-Nav-modified/TD3/install/td3/share/td3/package.xml
